<?xml version="1.0" encoding="UTF-8"?>
<!-- Generated by org.testng.reporters.JUnitReportReporter -->
<testsuite skipped="0" hostname="WIN-B4RVGQ8JAC8" name="com.demo.QCCWebDemo" tests="1" failures="0" timestamp="04 六月 2017 05:06:21 GMT" time="19.473" errors="0">
  <testcase name="searchCompany" time="19.473" classname="com.demo.QCCWebDemo"/>
</testsuite> <!-- com.demo.QCCWebDemo -->
