<?xml version="1.0" encoding="UTF-8"?>
<!-- Generated by org.testng.reporters.JUnitReportReporter -->
<testsuite skipped="0" hostname="WIN-B4RVGQ8JAC8" name="cn.DataDemo.arraysDatademo" tests="3" failures="0" timestamp="04 六月 2017 05:49:18 GMT" time="58.109" errors="0">
  <testcase name="test" time="18.960" classname="cn.DataDemo.arraysDatademo"/>
  <testcase name="test" time="19.692" classname="cn.DataDemo.arraysDatademo"/>
  <testcase name="test" time="19.457" classname="cn.DataDemo.arraysDatademo"/>
</testsuite> <!-- cn.DataDemo.arraysDatademo -->
