<?xml version="1.0" encoding="UTF-8"?>
<!-- Generated by org.testng.reporters.JUnitReportReporter -->
<testsuite skipped="0" hostname="WIN-B4RVGQ8JAC8" name="cn.Demo.QCCcnDemo" tests="1" failures="0" timestamp="03 六月 2017 14:42:20 GMT" time="21.862" errors="0">
  <testcase name="qccdemo" time="21.862" classname="cn.Demo.QCCcnDemo"/>
</testsuite> <!-- cn.Demo.QCCcnDemo -->
